{"numTotalTestSuites":14,"numPassedTestSuites":14,"numFailedTestSuites":0,"numPendingTestSuites":0,"numTotalTests":27,"numPassedTests":22,"numFailedTests":5,"numPendingTests":0,"numTodoTests":0,"startTime":1758291495313,"success":false,"testResults":[{"assertionResults":[{"ancestorTitles":["","Cart Component"],"fullName":" Cart Component Renders","status":"passed","title":"Renders","duration":17,"failureMessages":[]},{"ancestorTitles":["","Cart Component"],"fullName":" Cart Component calculates total correctly","status":"passed","title":"calculates total correctly","duration":2,"failureMessages":[]}],"startTime":1758291496254,"endTime":1758291496274,"status":"passed","message":"","name":"/Users/chrisminnick/code/src/github.com/chrisminnick/professional-reactjs/solutions/lab14/src/components/Cart.test.tsx"},{"assertionResults":[{"ancestorTitles":["","CartItem Component"],"fullName":" CartItem Component Renders","status":"passed","title":"Renders","duration":16,"failureMessages":[]}],"startTime":1758291496251,"endTime":1758291496267,"status":"passed","message":"","name":"/Users/chrisminnick/code/src/github.com/chrisminnick/professional-reactjs/solutions/lab14/src/components/CartItem.test.tsx"},{"assertionResults":[{"ancestorTitles":["","Footer Component"],"fullName":" Footer Component Renders","status":"failed","title":"Renders","duration":19,"failureMessages":["useTheme must be used within a ThemeProvider"],"location":{"line":7,"column":11}}],"startTime":1758291496268,"endTime":1758291496287,"status":"failed","message":"","name":"/Users/chrisminnick/code/src/github.com/chrisminnick/professional-reactjs/solutions/lab14/src/components/Footer.test.tsx"},{"assertionResults":[{"ancestorTitles":["","Header Component"],"fullName":" Header Component Renders","status":"passed","title":"Renders","duration":17,"failureMessages":[]}],"startTime":1758291496257,"endTime":1758291496274,"status":"passed","message":"","name":"/Users/chrisminnick/code/src/github.com/chrisminnick/professional-reactjs/solutions/lab14/src/components/Header.test.tsx"},{"assertionResults":[{"ancestorTitles":["","Product Component"],"fullName":" Product Component Renders","status":"passed","title":"Renders","duration":47,"failureMessages":[]},{"ancestorTitles":["","Product Component"],"fullName":" Product Component renders as expected","status":"passed","title":"renders as expected","duration":11,"failureMessages":[]},{"ancestorTitles":["","Product Component"],"fullName":" Product Component Calls AddtoCart when Clicked","status":"passed","title":"Calls AddtoCart when Clicked","duration":8,"failureMessages":[]},{"ancestorTitles":["","Product Component"],"fullName":" Product Component Calls removeFromCart when clicked while in the cart","status":"passed","title":"Calls removeFromCart when clicked while in the cart","duration":4,"failureMessages":[]},{"ancestorTitles":["","Product Component"],"fullName":" Product Component Displays the default image when no image is provided","status":"passed","title":"Displays the default image when no image is provided","duration":3,"failureMessages":[]},{"ancestorTitles":["","Product Component"],"fullName":" Product Component Correctly displays star rating","status":"passed","title":"Correctly displays star rating","duration":7,"failureMessages":[]},{"ancestorTitles":["","Product Component"],"fullName":" Product Component Displays the average rating when no user rating is available","status":"passed","title":"Displays the average rating when no user rating is available","duration":3,"failureMessages":[]}],"startTime":1758291496288,"endTime":1758291496371,"status":"passed","message":"","name":"/Users/chrisminnick/code/src/github.com/chrisminnick/professional-reactjs/solutions/lab14/src/components/Product.test.tsx"},{"assertionResults":[{"ancestorTitles":["","ProductList Component"],"fullName":" ProductList Component Renders","status":"passed","title":"Renders","duration":46,"failureMessages":[]},{"ancestorTitles":["","ProductList Component"],"fullName":" ProductList Component correctly displays Remove from Cart message","status":"passed","title":"correctly displays Remove from Cart message","duration":9,"failureMessages":[]},{"ancestorTitles":["","ProductList Component"],"fullName":" ProductList Component renders all products passed in props","status":"passed","title":"renders all products passed in props","duration":7,"failureMessages":[]},{"ancestorTitles":["","ProductList Component"],"fullName":" ProductList Component displays Add to Cart for products not in cart","status":"passed","title":"displays Add to Cart for products not in cart","duration":7,"failureMessages":[]},{"ancestorTitles":["","ProductList Component"],"fullName":" ProductList Component calls addToCart when Add to Cart is clicked","status":"failed","title":"calls addToCart when Add to Cart is clicked","duration":22,"failureMessages":["Found multiple elements with the text: /Add to Cart/\n\nHere are the matching elements:\n\nIgnored nodes: comments, script, style\n\u001b[36m<button>\u001b[39m\n  \u001b[0mAdd to Cart\u001b[0m\n\u001b[36m</button>\u001b[39m\n\nIgnored nodes: comments, script, style\n\u001b[36m<button>\u001b[39m\n  \u001b[0mAdd to Cart\u001b[0m\n\u001b[36m</button>\u001b[39m\n\n(If this is intentional, then use the `*AllBy*` variant of the query (like `queryAllByText`, `getAllByText`, or `findAllByText`)).\n\nIgnored nodes: comments, script, style\n\u001b[36m<body>\u001b[39m\n  \u001b[36m<div>\u001b[39m\n    \u001b[36m<ul\u001b[39m\n      \u001b[33mclass\u001b[39m=\u001b[32m\"_productList_6f0a2f\"\u001b[39m\n      \u001b[33mdata-testid\u001b[39m=\u001b[32m\"product-list\"\u001b[39m\n    \u001b[36m>\u001b[39m\n      \u001b[36m<li\u001b[39m\n        \u001b[33mclass\u001b[39m=\u001b[32m\"_productListItem_6f0a2f\"\u001b[39m\n      \u001b[36m>\u001b[39m\n        \u001b[36m<div\u001b[39m\n          \u001b[33mclass\u001b[39m=\u001b[32m\"_product_eee97d\"\u001b[39m\n        \u001b[36m>\u001b[39m\n          \u001b[36m<div>\u001b[39m\n            \u001b[36m<img\u001b[39m\n              \u001b[33malt\u001b[39m=\u001b[32m\"Things Fall Apart\"\u001b[39m\n              \u001b[33mclass\u001b[39m=\u001b[32m\"_thumbnail_eee97d\"\u001b[39m\n              \u001b[33mdata-testid\u001b[39m=\u001b[32m\"thumb\"\u001b[39m\n              \u001b[33msrc\u001b[39m=\u001b[32m\"images/things-fall-apart.jpg\"\u001b[39m\n            \u001b[36m/>\u001b[39m\n          \u001b[36m</div>\u001b[39m\n          \u001b[36m<div>\u001b[39m\n            \u001b[36m<h2>\u001b[39m\n              \u001b[0mThings Fall Apart\u001b[0m\n            \u001b[36m</h2>\u001b[39m\n            \u001b[36m<p>\u001b[39m\n              \u001b[0mYour rating:\u001b[0m\n              \u001b[0m \u001b[0m\n              \u001b[36m<select\u001b[39m\n                \u001b[33mdata-testid\u001b[39m=\u001b[32m\"selectRating\"\u001b[39m\n              \u001b[36m>\u001b[39m\n                \u001b[36m<option>\u001b[39m\n                  \u001b[0m0\u001b[0m\n                \u001b[36m</option>\u001b[39m\n                \u001b[36m<option>\u001b[39m\n                  \u001b[0m1\u001b[0m\n                \u001b[36m</option>\u001b[39m\n                \u001b[36m<option>\u001b[39m\n                  \u001b[0m2\u001b[0m\n                \u001b[36m</option>\u001b[39m\n                \u001b[36m<option>\u001b[39m\n                  \u001b[0m3\u001b[0m\n                \u001b[36m</option>\u001b[39m\n                \u001b[36m<option>\u001b[39m\n                  \u001b[0m4\u001b[0m\n                \u001b[36m</option>\u001b[39m\n                \u001b[36m<option>\u001b[39m\n                  \u001b[0m5\u001b[0m\n                \u001b[36m</option>\u001b[39m\n              \u001b[36m</select>\u001b[39m\n            \u001b[36m</p>\u001b[39m\n            \u001b[36m<p>\u001b[39m\n              \u001b[0mby: \u001b[0m\n              \u001b[0mChinua Achebe\u001b[0m\n              \u001b[36m<br />\u001b[39m\n              \u001b[0mpublished: \u001b[0m\n              \u001b[0m1958\u001b[0m\n              \u001b[0m, \u001b[0m\n              \u001b[0mNigeria\u001b[0m\n              \u001b[36m<br />\u001b[39m\n              \u001b[0mlanguage: \u001b[0m\n              \u001b[0mEnglish\u001b[0m\n              \u001b[36m<br />\u001b[39m\n              \u001b[0mpages: \u001b[0m\n              \u001b[0m209\u001b[0m\n              \u001b[36m<br />\u001b[39m\n              \u001b[0mprice:\u001b[0m\n              \u001b[0m \u001b[0m\n              \u001b[0m$5.00\u001b[0m\n              \u001b[36m<br />\u001b[39m\n              \u001b[36m<a\u001b[39m\n                \u001b[33mhref\u001b[39m=\u001b[32m\"https://en.wikipedia.org/wiki/Things_Fall_Apart\"\u001b[39m\n              \u001b[36m>\u001b[39m\n                \u001b[0mlink\u001b[0m\n              \u001b[36m</a>\u001b[39m\n            \u001b[36m</p>\u001b[39m\n            \u001b[36m<p>\u001b[39m\n              \u001b[0mavg rating: undefined\u001b[0m\n            \u001b[36m</p>\u001b[39m\n            \u001b[36m<button>\u001b[39m\n              \u001b[0mAdd to Cart\u001b[0m\n            \u001b[36m</button>\u001b[39m\n          \u001b[36m</div>\u001b[39m\n        \u001b[36m</div>\u001b[39m\n      \u001b[36m</li>\u001b[39m\n      \u001b[36m<li\u001b[39m\n        \u001b[33mclass\u001b[39m=\u001b[32m\"_productListItem_6f0a2f\"\u001b[39m\n      \u001b[36m>\u001b[39m\n        \u001b[36m<div\u001b[39m\n          \u001b[33mclass\u001b[39m=\u001b[32m\"_product_eee97d\"\u001b[39m\n        \u001b[36m>\u001b[39m\n          \u001b[36m<div>\u001b[39m\n            \u001b[36m<img\u001b[39m\n              \u001b[33malt\u001b[39m=\u001b[32m\"Things Still Fall Apart\"\u001b[39m\n              \u001b[33mclass\u001b[39m=\u001b[32m\"_thumbnail_eee97d\"\u001b[39m\n              \u001b[33mdata-testid\u001b[39m=\u001b[32m\"thumb\"\u001b[39m\n              \u001b[33msrc\u001b[39m=\u001b[32m\"images/things-fall-apart.jpg\"\u001b[39m\n            \u001b[36m/>\u001b[39m\n          \u001b[36m</div>\u001b[39m\n          \u001b[36m<div>\u001b[39m\n            \u001b[36m<h2>\u001b[39m\n              \u001b[0mThings Still Fall Apart\u001b[0m\n            \u001b[36m</h2>\u001b[39m\n            \u001b[36m<p>\u001b[39m\n              \u001b[0mYour rating:\u001b[0m\n              \u001b[0m \u001b[0m\n              \u001b[36m<select\u001b[39m\n                \u001b[33mdata-testid\u001b[39m=\u001b[32m\"selectRating\"\u001b[39m\n              \u001b[36m>\u001b[39m\n                \u001b[36m<option>\u001b[39m\n                  \u001b[0m0\u001b[0m\n                \u001b[36m</option>\u001b[39m\n                \u001b[36m<option>\u001b[39m\n                  \u001b[0m1\u001b[0m\n                \u001b[36m</option>\u001b[39m\n                \u001b[36m<option>\u001b[39m\n                  \u001b[0m2\u001b[0m\n                \u001b[36m</option>\u001b[39m\n                \u001b[36m<option>\u001b[39m\n                  \u001b[0m3\u001b[0m\n                \u001b[36m</option>\u001b[39m\n                \u001b[36m<option>\u001b[39m\n                  \u001b[0m4\u001b[0m\n                \u001b[36m</option>\u001b[39m\n                \u001b[36m<option>\u001b[39m\n                  \u001b[0m5\u001b[0m\n                \u001b[36m</option>\u001b[39m\n              \u001b[36m</select>\u001b[39m\n            \u001b[36m</p>\u001b[39m\n            \u001b[36m<p>\u001b[39m\n              \u001b[0mby: \u001b[0m\n              \u001b[0mChinua Achebe\u001b[0m\n              \u001b[36m<br />\u001b[39m\n              \u001b[0mpublished: \u001b[0m\n              \u001b[0m1958\u001b[0m\n              \u001b[0m, \u001b[0m\n              \u001b[0mNigeria\u001b[0m\n              \u001b[36m<br />\u001b[39m\n              \u001b[0mlanguage: \u001b[0m\n              \u001b[0mEnglish\u001b[0m\n              \u001b[36m<br />\u001b[39m\n              \u001b[0mpages: \u001b[0m\n              \u001b[0m209\u001b[0m\n              \u001b[36m<br />\u001b[39m\n              \u001b[0mprice:\u001b[0m\n              \u001b[0m \u001b[0m\n              \u001b[0m$5.00\u001b[0m\n              \u001b[36m<br />\u001b[39m\n              \u001b[36m<a\u001b[39m\n                \u001b[33mhref\u001b[39m=\u001b[32m\"https://en.wikipedia.org/wiki/Things_Fall_Apart\"\u001b[39m\n              \u001b[36m>\u001b[39m\n                \u001b[0mlink\u001b[0m\n              \u001b[36m</a>\u001b[39m\n            \u001b[36m</p>\u001b[39m\n            \u001b[36m<p>\u001b[39m\n              \u001b[0mavg rating: undefined\u001b[0m\n            \u001b[36m</p>\u001b[39m\n            \u001b[36m<button>\u001b[39m\n              \u001b[0mRemove from Cart\u001b[0m\n            \u001b[36m</button>\u001b[39m\n          \u001b[36m</div>\u001b[39m\n        \u001b[36m</div>\u001b[39m\n      \u001b[36m</li>\u001b[39m\n    \u001b[36m</ul>\u001b[39m\n  \u001b[36m</div>\u001b[39m\n  \u001b[36m<div>\u001b[39m\n    \u001b[36m<ul\u001b[39m\n      \u001b[33mclass\u001b[39m=\u001b[32m\"_productList_6f0a2f\"\u001b[39m\n      \u001b[33mdata-testid\u001b[39m=\u001b[32m\"product-list\"\u001b[39m\n    \u001b[36m>\u001b[39m\n      \u001b[36m<li\u001b[39m\n        \u001b[33mclass\u001b[39m=\u001b[32m\"_productListItem_6f0a2f\"\u001b[39m\n      \u001b[36m>\u001b[39m\n        \u001b[36m<div\u001b[39m\n          \u001b[33mclass\u001b[39m=\u001b[32m\"_product_eee97d\"\u001b[39m\n        \u001b[36m>\u001b[39m\n          \u001b[36m<div>\u001b[39m\n            \u001b[36m<img\u001b[39m\n              \u001b[33malt\u001b[39m=\u001b[32m\"New Book\"\u001b[39m\n              \u001b[33mclass\u001b[39m=\u001b[32m\"_thumbnail_eee97d\"\u001b[39m\n              \u001b[33mdata-testid\u001b[39m=\u001b[32m\"thumb\"\u001b[39m\n              \u001b[33msrc\u001b[39m=\u001b[32m\"images/default.jpg\"\u001b[39m\n            \u001b[36m/>\u001b[39m\n          \u001b[36m</div>\u001b[39m\n          \u001b[36m<div>\u001b[39m\n            \u001b[36m<h2>\u001b[39m\n              \u001b[0mNew Book\u001b[0m\n            \u001b[36m</h2>\u001b[39m\n            \u001b[36m<p>\u001b[39m\n              \u001b[0mYour rating:\u001b[0m\n              \u001b[0m \u001b[0m\n              \u001b[36m<select\u001b[39m\n                \u001b[33mdata-testid\u001b[39m=\u001b[32m\"selectRating\"\u001b[39m\n              \u001b[36m>\u001b[39m\n                \u001b[36m<option>\u001b[39m\n                  \u001b[0m0\u001b[0m\n                \u001b[36m</option>\u001b[39m\n                \u001b[36m<option>\u001b[39m\n                  \u001b[0m1\u001b[0m\n                \u001b[36m</option>\u001b[39m\n                \u001b[36m<option>\u001b[39m\n                  \u001b[0m2\u001b[0m\n                \u001b[36m</option>\u001b[39m\n                \u001b[36m<option>\u001b[39m\n                  \u001b[0m3\u001b[0m\n                \u001b[36m</option>\u001b[39m\n                \u001b[36m<option>\u001b[39m\n                  \u001b[0m4\u001b[0m\n                \u001b[36m</option>\u001b[39m\n                \u001b[36m<option>\u001b[39m\n                  \u001b[0m5\u001b[0m\n                \u001b[36m</option>\u001b[39m\n              \u001b[36m</select>\u001b[39m\n            \u001b[36m</p>\u001b[39m\n            \u001b[36m<p>\u001b[39m\n              \u001b[0mby: \u001b[0m\n              \u001b[0mAuthor\u001b[0m\n              \u001b[36m<br />\u001b[39m\n              \u001b[0mpublished: \u001b[0m\n              \u001b[0m2020\u001b[0m\n              \u001b[0m, \u001b[0m\n              \u001b[0mUSA\u001b[0m\n              \u001b[36m<br />\u001b[39m\n              \u001b[0mlanguage: \u001b[0m\n              \u001b[0mEnglish\u001b[0m\n              \u001b[36m<br />\u001b[39m\n              \u001b[0mpages: \u001b[0m\n              \u001b[0m100\u001b[0m\n              \u001b[36m<br />\u001b[39m\n              \u001b[0mprice:\u001b[0m\n              \u001b[0m \u001b[0m\n              \u001b[0m$10.00\u001b[0m\n              \u001b[36m<br />\u001b[39m\n              \u001b[36m<a\u001b[39m\n                \u001b[33mhref\u001b[39m=\u001b[32m\"\"\u001b[39m\n              \u001b[36m>\u001b[39m\n                \u001b[0mlink\u001b[0m\n              \u001b[36m</a>\u001b[39m\n            \u001b[36m</p>\u001b[39m\n            \u001b[36m<p>\u001b[39m\n              \u001b[0mavg rating: undefined\u001b[0m\n            \u001b[36m</p>\u001b[39m\n            \u001b[36m<button>\u001b[39m\n              \u001b[0mAdd to Cart\u001b[0m\n            \u001b[36m</button>\u001b[39m\n          \u001b[36m</div>\u001b[39m\n        \u001b[36m</div>\u001b[39m\n      \u001b[36m</li>\u001b[39m\n    \u001b[36m</ul>\u001b[39m\n  \u001b[36m</div>\u001b[39m\n\u001b[36m</body>\u001b[39m"],"location":{"line":37,"column":19}},{"ancestorTitles":["","ProductList Component"],"fullName":" ProductList Component calls removeFromCart when Remove from Cart is clicked","status":"failed","title":"calls removeFromCart when Remove from Cart is clicked","duration":14,"failureMessages":["Found multiple elements with the text: /Remove from Cart/\n\nHere are the matching elements:\n\nIgnored nodes: comments, script, style\n\u001b[36m<button>\u001b[39m\n  \u001b[0mRemove from Cart\u001b[0m\n\u001b[36m</button>\u001b[39m\n\nIgnored nodes: comments, script, style\n\u001b[36m<button>\u001b[39m\n  \u001b[0mRemove from Cart\u001b[0m\n\u001b[36m</button>\u001b[39m\n\n(If this is intentional, then use the `*AllBy*` variant of the query (like `queryAllByText`, `getAllByText`, or `findAllByText`)).\n\nIgnored nodes: comments, script, style\n\u001b[36m<body>\u001b[39m\n  \u001b[36m<div>\u001b[39m\n    \u001b[36m<ul\u001b[39m\n      \u001b[33mclass\u001b[39m=\u001b[32m\"_productList_6f0a2f\"\u001b[39m\n      \u001b[33mdata-testid\u001b[39m=\u001b[32m\"product-list\"\u001b[39m\n    \u001b[36m>\u001b[39m\n      \u001b[36m<li\u001b[39m\n        \u001b[33mclass\u001b[39m=\u001b[32m\"_productListItem_6f0a2f\"\u001b[39m\n      \u001b[36m>\u001b[39m\n        \u001b[36m<div\u001b[39m\n          \u001b[33mclass\u001b[39m=\u001b[32m\"_product_eee97d\"\u001b[39m\n        \u001b[36m>\u001b[39m\n          \u001b[36m<div>\u001b[39m\n            \u001b[36m<img\u001b[39m\n              \u001b[33malt\u001b[39m=\u001b[32m\"Things Fall Apart\"\u001b[39m\n              \u001b[33mclass\u001b[39m=\u001b[32m\"_thumbnail_eee97d\"\u001b[39m\n              \u001b[33mdata-testid\u001b[39m=\u001b[32m\"thumb\"\u001b[39m\n              \u001b[33msrc\u001b[39m=\u001b[32m\"images/things-fall-apart.jpg\"\u001b[39m\n            \u001b[36m/>\u001b[39m\n          \u001b[36m</div>\u001b[39m\n          \u001b[36m<div>\u001b[39m\n            \u001b[36m<h2>\u001b[39m\n              \u001b[0mThings Fall Apart\u001b[0m\n            \u001b[36m</h2>\u001b[39m\n            \u001b[36m<p>\u001b[39m\n              \u001b[0mYour rating:\u001b[0m\n              \u001b[0m \u001b[0m\n              \u001b[36m<select\u001b[39m\n                \u001b[33mdata-testid\u001b[39m=\u001b[32m\"selectRating\"\u001b[39m\n              \u001b[36m>\u001b[39m\n                \u001b[36m<option>\u001b[39m\n                  \u001b[0m0\u001b[0m\n                \u001b[36m</option>\u001b[39m\n                \u001b[36m<option>\u001b[39m\n                  \u001b[0m1\u001b[0m\n                \u001b[36m</option>\u001b[39m\n                \u001b[36m<option>\u001b[39m\n                  \u001b[0m2\u001b[0m\n                \u001b[36m</option>\u001b[39m\n                \u001b[36m<option>\u001b[39m\n                  \u001b[0m3\u001b[0m\n                \u001b[36m</option>\u001b[39m\n                \u001b[36m<option>\u001b[39m\n                  \u001b[0m4\u001b[0m\n                \u001b[36m</option>\u001b[39m\n                \u001b[36m<option>\u001b[39m\n                  \u001b[0m5\u001b[0m\n                \u001b[36m</option>\u001b[39m\n              \u001b[36m</select>\u001b[39m\n            \u001b[36m</p>\u001b[39m\n            \u001b[36m<p>\u001b[39m\n              \u001b[0mby: \u001b[0m\n              \u001b[0mChinua Achebe\u001b[0m\n              \u001b[36m<br />\u001b[39m\n              \u001b[0mpublished: \u001b[0m\n              \u001b[0m1958\u001b[0m\n              \u001b[0m, \u001b[0m\n              \u001b[0mNigeria\u001b[0m\n              \u001b[36m<br />\u001b[39m\n              \u001b[0mlanguage: \u001b[0m\n              \u001b[0mEnglish\u001b[0m\n              \u001b[36m<br />\u001b[39m\n              \u001b[0mpages: \u001b[0m\n              \u001b[0m209\u001b[0m\n              \u001b[36m<br />\u001b[39m\n              \u001b[0mprice:\u001b[0m\n              \u001b[0m \u001b[0m\n              \u001b[0m$5.00\u001b[0m\n              \u001b[36m<br />\u001b[39m\n              \u001b[36m<a\u001b[39m\n                \u001b[33mhref\u001b[39m=\u001b[32m\"https://en.wikipedia.org/wiki/Things_Fall_Apart\"\u001b[39m\n              \u001b[36m>\u001b[39m\n                \u001b[0mlink\u001b[0m\n              \u001b[36m</a>\u001b[39m\n            \u001b[36m</p>\u001b[39m\n            \u001b[36m<p>\u001b[39m\n              \u001b[0mavg rating: undefined\u001b[0m\n            \u001b[36m</p>\u001b[39m\n            \u001b[36m<button>\u001b[39m\n              \u001b[0mAdd to Cart\u001b[0m\n            \u001b[36m</button>\u001b[39m\n          \u001b[36m</div>\u001b[39m\n        \u001b[36m</div>\u001b[39m\n      \u001b[36m</li>\u001b[39m\n      \u001b[36m<li\u001b[39m\n        \u001b[33mclass\u001b[39m=\u001b[32m\"_productListItem_6f0a2f\"\u001b[39m\n      \u001b[36m>\u001b[39m\n        \u001b[36m<div\u001b[39m\n          \u001b[33mclass\u001b[39m=\u001b[32m\"_product_eee97d\"\u001b[39m\n        \u001b[36m>\u001b[39m\n          \u001b[36m<div>\u001b[39m\n            \u001b[36m<img\u001b[39m\n              \u001b[33malt\u001b[39m=\u001b[32m\"Things Still Fall Apart\"\u001b[39m\n              \u001b[33mclass\u001b[39m=\u001b[32m\"_thumbnail_eee97d\"\u001b[39m\n              \u001b[33mdata-testid\u001b[39m=\u001b[32m\"thumb\"\u001b[39m\n              \u001b[33msrc\u001b[39m=\u001b[32m\"images/things-fall-apart.jpg\"\u001b[39m\n            \u001b[36m/>\u001b[39m\n          \u001b[36m</div>\u001b[39m\n          \u001b[36m<div>\u001b[39m\n            \u001b[36m<h2>\u001b[39m\n              \u001b[0mThings Still Fall Apart\u001b[0m\n            \u001b[36m</h2>\u001b[39m\n            \u001b[36m<p>\u001b[39m\n              \u001b[0mYour rating:\u001b[0m\n              \u001b[0m \u001b[0m\n              \u001b[36m<select\u001b[39m\n                \u001b[33mdata-testid\u001b[39m=\u001b[32m\"selectRating\"\u001b[39m\n              \u001b[36m>\u001b[39m\n                \u001b[36m<option>\u001b[39m\n                  \u001b[0m0\u001b[0m\n                \u001b[36m</option>\u001b[39m\n                \u001b[36m<option>\u001b[39m\n                  \u001b[0m1\u001b[0m\n                \u001b[36m</option>\u001b[39m\n                \u001b[36m<option>\u001b[39m\n                  \u001b[0m2\u001b[0m\n                \u001b[36m</option>\u001b[39m\n                \u001b[36m<option>\u001b[39m\n                  \u001b[0m3\u001b[0m\n                \u001b[36m</option>\u001b[39m\n                \u001b[36m<option>\u001b[39m\n                  \u001b[0m4\u001b[0m\n                \u001b[36m</option>\u001b[39m\n                \u001b[36m<option>\u001b[39m\n                  \u001b[0m5\u001b[0m\n                \u001b[36m</option>\u001b[39m\n              \u001b[36m</select>\u001b[39m\n            \u001b[36m</p>\u001b[39m\n            \u001b[36m<p>\u001b[39m\n              \u001b[0mby: \u001b[0m\n              \u001b[0mChinua Achebe\u001b[0m\n              \u001b[36m<br />\u001b[39m\n              \u001b[0mpublished: \u001b[0m\n              \u001b[0m1958\u001b[0m\n              \u001b[0m, \u001b[0m\n              \u001b[0mNigeria\u001b[0m\n              \u001b[36m<br />\u001b[39m\n              \u001b[0mlanguage: \u001b[0m\n              \u001b[0mEnglish\u001b[0m\n              \u001b[36m<br />\u001b[39m\n              \u001b[0mpages: \u001b[0m\n              \u001b[0m209\u001b[0m\n              \u001b[36m<br />\u001b[39m\n              \u001b[0mprice:\u001b[0m\n              \u001b[0m \u001b[0m\n              \u001b[0m$5.00\u001b[0m\n              \u001b[36m<br />\u001b[39m\n              \u001b[36m<a\u001b[39m\n                \u001b[33mhref\u001b[39m=\u001b[32m\"https://en.wikipedia.org/wiki/Things_Fall_Apart\"\u001b[39m\n              \u001b[36m>\u001b[39m\n                \u001b[0mlink\u001b[0m\n              \u001b[36m</a>\u001b[39m\n            \u001b[36m</p>\u001b[39m\n            \u001b[36m<p>\u001b[39m\n              \u001b[0mavg rating: undefined\u001b[0m\n            \u001b[36m</p>\u001b[39m\n            \u001b[36m<button>\u001b[39m\n              \u001b[0mRemove from Cart\u001b[0m\n            \u001b[36m</button>\u001b[39m\n          \u001b[36m</div>\u001b[39m\n        \u001b[36m</div>\u001b[39m\n      \u001b[36m</li>\u001b[39m\n    \u001b[36m</ul>\u001b[39m\n  \u001b[36m</div>\u001b[39m\n  \u001b[36m<div>\u001b[39m\n    \u001b[36m<ul\u001b[39m\n      \u001b[33mclass\u001b[39m=\u001b[32m\"_productList_6f0a2f\"\u001b[39m\n      \u001b[33mdata-testid\u001b[39m=\u001b[32m\"product-list\"\u001b[39m\n    \u001b[36m>\u001b[39m\n      \u001b[36m<li\u001b[39m\n        \u001b[33mclass\u001b[39m=\u001b[32m\"_productListItem_6f0a2f\"\u001b[39m\n      \u001b[36m>\u001b[39m\n        \u001b[36m<div\u001b[39m\n          \u001b[33mclass\u001b[39m=\u001b[32m\"_product_eee97d\"\u001b[39m\n        \u001b[36m>\u001b[39m\n          \u001b[36m<div>\u001b[39m\n            \u001b[36m<img\u001b[39m\n              \u001b[33malt\u001b[39m=\u001b[32m\"Book In Cart\"\u001b[39m\n              \u001b[33mclass\u001b[39m=\u001b[32m\"_thumbnail_eee97d\"\u001b[39m\n              \u001b[33mdata-testid\u001b[39m=\u001b[32m\"thumb\"\u001b[39m\n              \u001b[33msrc\u001b[39m=\u001b[32m\"images/default.jpg\"\u001b[39m\n            \u001b[36m/>\u001b[39m\n          \u001b[36m</div>\u001b[39m\n          \u001b[36m<div>\u001b[39m\n            \u001b[36m<h2>\u001b[39m\n              \u001b[0mBook In Cart\u001b[0m\n            \u001b[36m</h2>\u001b[39m\n            \u001b[36m<p>\u001b[39m\n              \u001b[0mYour rating:\u001b[0m\n              \u001b[0m \u001b[0m\n              \u001b[36m<select\u001b[39m\n                \u001b[33mdata-testid\u001b[39m=\u001b[32m\"selectRating\"\u001b[39m\n              \u001b[36m>\u001b[39m\n                \u001b[36m<option>\u001b[39m\n                  \u001b[0m0\u001b[0m\n                \u001b[36m</option>\u001b[39m\n                \u001b[36m<option>\u001b[39m\n                  \u001b[0m1\u001b[0m\n                \u001b[36m</option>\u001b[39m\n                \u001b[36m<option>\u001b[39m\n                  \u001b[0m2\u001b[0m\n                \u001b[36m</option>\u001b[39m\n                \u001b[36m<option>\u001b[39m\n                  \u001b[0m3\u001b[0m\n                \u001b[36m</option>\u001b[39m\n                \u001b[36m<option>\u001b[39m\n                  \u001b[0m4\u001b[0m\n                \u001b[36m</option>\u001b[39m\n                \u001b[36m<option>\u001b[39m\n                  \u001b[0m5\u001b[0m\n                \u001b[36m</option>\u001b[39m\n              \u001b[36m</select>\u001b[39m\n            \u001b[36m</p>\u001b[39m\n            \u001b[36m<p>\u001b[39m\n              \u001b[0mby: \u001b[0m\n              \u001b[0mAuthor\u001b[0m\n              \u001b[36m<br />\u001b[39m\n              \u001b[0mpublished: \u001b[0m\n              \u001b[0m2021\u001b[0m\n              \u001b[0m, \u001b[0m\n              \u001b[0mUSA\u001b[0m\n              \u001b[36m<br />\u001b[39m\n              \u001b[0mlanguage: \u001b[0m\n              \u001b[0mEnglish\u001b[0m\n              \u001b[36m<br />\u001b[39m\n              \u001b[0mpages: \u001b[0m\n              \u001b[0m150\u001b[0m\n              \u001b[36m<br />\u001b[39m\n              \u001b[0mprice:\u001b[0m\n              \u001b[0m \u001b[0m\n              \u001b[0m$15.00\u001b[0m\n              \u001b[36m<br />\u001b[39m\n              \u001b[36m<a\u001b[39m\n                \u001b[33mhref\u001b[39m=\u001b[32m\"\"\u001b[39m\n              \u001b[36m>\u001b[39m\n                \u001b[0mlink\u001b[0m\n              \u001b[36m</a>\u001b[39m\n            \u001b[36m</p>\u001b[39m\n            \u001b[36m<p>\u001b[39m\n              \u001b[0mavg rating: undefined\u001b[0m\n            \u001b[36m</p>\u001b[39m\n            \u001b[36m<button>\u001b[39m\n              \u001b[0mRemove from Cart\u001b[0m\n            \u001b[36m</button>\u001b[39m\n          \u001b[36m</div>\u001b[39m\n        \u001b[36m</div>\u001b[39m\n      \u001b[36m</li>\u001b[39m\n    \u001b[36m</ul>\u001b[39m\n  \u001b[36m</div>\u001b[39m\n\u001b[36m</body>\u001b[39m"],"location":{"line":37,"column":19}},{"ancestorTitles":["","ProductList Component"],"fullName":" ProductList Component handles empty products array gracefully","status":"failed","title":"handles empty products array gracefully","duration":13,"failureMessages":["Found multiple elements by: [data-testid=\"product-list\"]\n\nHere are the matching elements:\n\nIgnored nodes: comments, script, style\n\u001b[36m<ul\u001b[39m\n  \u001b[33mclass\u001b[39m=\u001b[32m\"_productList_6f0a2f\"\u001b[39m\n  \u001b[33mdata-testid\u001b[39m=\u001b[32m\"product-list\"\u001b[39m\n\u001b[36m>\u001b[39m\n  \u001b[36m<li\u001b[39m\n    \u001b[33mclass\u001b[39m=\u001b[32m\"_productListItem_6f0a2f\"\u001b[39m\n  \u001b[36m>\u001b[39m\n    \u001b[36m<div\u001b[39m\n      \u001b[33mclass\u001b[39m=\u001b[32m\"_product_eee97d\"\u001b[39m\n    \u001b[36m>\u001b[39m\n      \u001b[36m<div>\u001b[39m\n        \u001b[36m<img\u001b[39m\n          \u001b[33malt\u001b[39m=\u001b[32m\"Things Fall Apart\"\u001b[39m\n          \u001b[33mclass\u001b[39m=\u001b[32m\"_thumbnail_eee97d\"\u001b[39m\n          \u001b[33mdata-testid\u001b[39m=\u001b[32m\"thumb\"\u001b[39m\n          \u001b[33msrc\u001b[39m=\u001b[32m\"images/things-fall-apart.jpg\"\u001b[39m\n        \u001b[36m/>\u001b[39m\n      \u001b[36m</div>\u001b[39m\n      \u001b[36m<div>\u001b[39m\n        \u001b[36m<h2>\u001b[39m\n          \u001b[0mThings Fall Apart\u001b[0m\n        \u001b[36m</h2>\u001b[39m\n        \u001b[36m<p>\u001b[39m\n          \u001b[0mYour rating:\u001b[0m\n          \u001b[0m \u001b[0m\n          \u001b[36m<select\u001b[39m\n            \u001b[33mdata-testid\u001b[39m=\u001b[32m\"selectRating\"\u001b[39m\n          \u001b[36m>\u001b[39m\n            \u001b[36m<option>\u001b[39m\n              \u001b[0m0\u001b[0m\n            \u001b[36m</option>\u001b[39m\n            \u001b[36m<option>\u001b[39m\n              \u001b[0m1\u001b[0m\n            \u001b[36m</option>\u001b[39m\n            \u001b[36m<option>\u001b[39m\n              \u001b[0m2\u001b[0m\n            \u001b[36m</option>\u001b[39m\n            \u001b[36m<option>\u001b[39m\n              \u001b[0m3\u001b[0m\n            \u001b[36m</option>\u001b[39m\n            \u001b[36m<option>\u001b[39m\n              \u001b[0m4\u001b[0m\n            \u001b[36m</option>\u001b[39m\n            \u001b[36m<option>\u001b[39m\n              \u001b[0m5\u001b[0m\n            \u001b[36m</option>\u001b[39m\n          \u001b[36m</select>\u001b[39m\n        \u001b[36m</p>\u001b[39m\n        \u001b[36m<p>\u001b[39m\n          \u001b[0mby: \u001b[0m\n          \u001b[0mChinua Achebe\u001b[0m\n          \u001b[36m<br />\u001b[39m\n          \u001b[0mpublished: \u001b[0m\n          \u001b[0m1958\u001b[0m\n          \u001b[0m, \u001b[0m\n          \u001b[0mNigeria\u001b[0m\n          \u001b[36m<br />\u001b[39m\n          \u001b[0mlanguage: \u001b[0m\n          \u001b[0mEnglish\u001b[0m\n          \u001b[36m<br />\u001b[39m\n          \u001b[0mpages: \u001b[0m\n          \u001b[0m209\u001b[0m\n          \u001b[36m<br />\u001b[39m\n          \u001b[0mprice:\u001b[0m\n          \u001b[0m \u001b[0m\n          \u001b[0m$5.00\u001b[0m\n          \u001b[36m<br />\u001b[39m\n          \u001b[36m<a\u001b[39m\n            \u001b[33mhref\u001b[39m=\u001b[32m\"https://en.wikipedia.org/wiki/Things_Fall_Apart\"\u001b[39m\n          \u001b[36m>\u001b[39m\n            \u001b[0mlink\u001b[0m\n          \u001b[36m</a>\u001b[39m\n        \u001b[36m</p>\u001b[39m\n        \u001b[36m<p>\u001b[39m\n          \u001b[0mavg rating: undefined\u001b[0m\n        \u001b[36m</p>\u001b[39m\n        \u001b[36m<button>\u001b[39m\n          \u001b[0mAdd to Cart\u001b[0m\n        \u001b[36m</button>\u001b[39m\n      \u001b[36m</div>\u001b[39m\n    \u001b[36m</div>\u001b[39m\n  \u001b[36m</li>\u001b[39m\n  \u001b[36m<li\u001b[39m\n    \u001b[33mclass\u001b[39m=\u001b[32m\"_productListItem_6f0a2f\"\u001b[39m\n  \u001b[36m>\u001b[39m\n    \u001b[36m<div\u001b[39m\n      \u001b[33mclass\u001b[39m=\u001b[32m\"_product_eee97d\"\u001b[39m\n    \u001b[36m>\u001b[39m\n      \u001b[36m<div>\u001b[39m\n        \u001b[36m<img\u001b[39m\n          \u001b[33malt\u001b[39m=\u001b[32m\"Things Still Fall Apart\"\u001b[39m\n          \u001b[33mclass\u001b[39m=\u001b[32m\"_thumbnail_eee97d\"\u001b[39m\n          \u001b[33mdata-testid\u001b[39m=\u001b[32m\"thumb\"\u001b[39m\n          \u001b[33msrc\u001b[39m=\u001b[32m\"images/things-fall-apart.jpg\"\u001b[39m\n        \u001b[36m/>\u001b[39m\n      \u001b[36m</div>\u001b[39m\n      \u001b[36m<div>\u001b[39m\n        \u001b[36m<h2>\u001b[39m\n          \u001b[0mThings Still Fall Apart\u001b[0m\n        \u001b[36m</h2>\u001b[39m\n        \u001b[36m<p>\u001b[39m\n          \u001b[0mYour rating:\u001b[0m\n          \u001b[0m \u001b[0m\n          \u001b[36m<select\u001b[39m\n            \u001b[33mdata-testid\u001b[39m=\u001b[32m\"selectRating\"\u001b[39m\n          \u001b[36m>\u001b[39m\n            \u001b[36m<option>\u001b[39m\n              \u001b[0m0\u001b[0m\n            \u001b[36m</option>\u001b[39m\n            \u001b[36m<option>\u001b[39m\n              \u001b[0m1\u001b[0m\n            \u001b[36m</option>\u001b[39m\n            \u001b[36m<option>\u001b[39m\n              \u001b[0m2\u001b[0m\n            \u001b[36m</option>\u001b[39m\n            \u001b[36m<option>\u001b[39m\n              \u001b[0m3\u001b[0m\n            \u001b[36m</option>\u001b[39m\n            \u001b[36m<option>\u001b[39m\n              \u001b[0m4\u001b[0m\n            \u001b[36m</option>\u001b[39m\n            \u001b[36m<option>\u001b[39m\n              \u001b[0m5\u001b[0m\n            \u001b[36m</option>\u001b[39m\n          \u001b[36m</select>\u001b[39m\n        \u001b[36m</p>\u001b[39m\n        \u001b[36m<p>\u001b[39m\n          \u001b[0mby: \u001b[0m\n          \u001b[0mChinua Achebe\u001b[0m\n          \u001b[36m<br />\u001b[39m\n          \u001b[0mpublished: \u001b[0m\n          \u001b[0m1958\u001b[0m\n          \u001b[0m, \u001b[0m\n          \u001b[0mNigeria\u001b[0m\n          \u001b[36m<br />\u001b[39m\n          \u001b[0mlanguage: \u001b[0m\n          \u001b[0mEnglish\u001b[0m\n          \u001b[36m<br />\u001b[39m\n          \u001b[0mpages: \u001b[0m\n          \u001b[0m209\u001b[0m\n          \u001b[36m<br />\u001b[39m\n          \u001b[0mprice:\u001b[0m\n          \u001b[0m \u001b[0m\n          \u001b[0m$5.00\u001b[0m\n          \u001b[36m<br />\u001b[39m\n          \u001b[36m<a\u001b[39m\n            \u001b[33mhref\u001b[39m=\u001b[32m\"https://en.wikipedia.org/wiki/Things_Fall_Apart\"\u001b[39m\n          \u001b[36m>\u001b[39m\n            \u001b[0mlink\u001b[0m\n          \u001b[36m</a>\u001b[39m\n        \u001b[36m</p>\u001b[39m\n        \u001b[36m<p>\u001b[39m\n          \u001b[0mavg rating: undefined\u001b[0m\n        \u001b[36m</p>\u001b[39m\n        \u001b[36m<button>\u001b[39m\n          \u001b[0mRemove from Cart\u001b[0m\n        \u001b[36m</button>\u001b[39m\n      \u001b[36m</div>\u001b[39m\n    \u001b[36m</div>\u001b[39m\n  \u001b[36m</li>\u001b[39m\n\u001b[36m</ul>\u001b[39m\n\nIgnored nodes: comments, script, style\n\u001b[36m<ul\u001b[39m\n  \u001b[33mclass\u001b[39m=\u001b[32m\"_productList_6f0a2f\"\u001b[39m\n  \u001b[33mdata-testid\u001b[39m=\u001b[32m\"product-list\"\u001b[39m\n\u001b[36m/>\u001b[39m\n\n(If this is intentional, then use the `*AllBy*` variant of the query (like `queryAllByText`, `getAllByText`, or `findAllByText`)).\n\nIgnored nodes: comments, script, style\n\u001b[36m<body>\u001b[39m\n  \u001b[36m<div>\u001b[39m\n    \u001b[36m<ul\u001b[39m\n      \u001b[33mclass\u001b[39m=\u001b[32m\"_productList_6f0a2f\"\u001b[39m\n      \u001b[33mdata-testid\u001b[39m=\u001b[32m\"product-list\"\u001b[39m\n    \u001b[36m>\u001b[39m\n      \u001b[36m<li\u001b[39m\n        \u001b[33mclass\u001b[39m=\u001b[32m\"_productListItem_6f0a2f\"\u001b[39m\n      \u001b[36m>\u001b[39m\n        \u001b[36m<div\u001b[39m\n          \u001b[33mclass\u001b[39m=\u001b[32m\"_product_eee97d\"\u001b[39m\n        \u001b[36m>\u001b[39m\n          \u001b[36m<div>\u001b[39m\n            \u001b[36m<img\u001b[39m\n              \u001b[33malt\u001b[39m=\u001b[32m\"Things Fall Apart\"\u001b[39m\n              \u001b[33mclass\u001b[39m=\u001b[32m\"_thumbnail_eee97d\"\u001b[39m\n              \u001b[33mdata-testid\u001b[39m=\u001b[32m\"thumb\"\u001b[39m\n              \u001b[33msrc\u001b[39m=\u001b[32m\"images/things-fall-apart.jpg\"\u001b[39m\n            \u001b[36m/>\u001b[39m\n          \u001b[36m</div>\u001b[39m\n          \u001b[36m<div>\u001b[39m\n            \u001b[36m<h2>\u001b[39m\n              \u001b[0mThings Fall Apart\u001b[0m\n            \u001b[36m</h2>\u001b[39m\n            \u001b[36m<p>\u001b[39m\n              \u001b[0mYour rating:\u001b[0m\n              \u001b[0m \u001b[0m\n              \u001b[36m<select\u001b[39m\n                \u001b[33mdata-testid\u001b[39m=\u001b[32m\"selectRating\"\u001b[39m\n              \u001b[36m>\u001b[39m\n                \u001b[36m<option>\u001b[39m\n                  \u001b[0m0\u001b[0m\n                \u001b[36m</option>\u001b[39m\n                \u001b[36m<option>\u001b[39m\n                  \u001b[0m1\u001b[0m\n                \u001b[36m</option>\u001b[39m\n                \u001b[36m<option>\u001b[39m\n                  \u001b[0m2\u001b[0m\n                \u001b[36m</option>\u001b[39m\n                \u001b[36m<option>\u001b[39m\n                  \u001b[0m3\u001b[0m\n                \u001b[36m</option>\u001b[39m\n                \u001b[36m<option>\u001b[39m\n                  \u001b[0m4\u001b[0m\n                \u001b[36m</option>\u001b[39m\n                \u001b[36m<option>\u001b[39m\n                  \u001b[0m5\u001b[0m\n                \u001b[36m</option>\u001b[39m\n              \u001b[36m</select>\u001b[39m\n            \u001b[36m</p>\u001b[39m\n            \u001b[36m<p>\u001b[39m\n              \u001b[0mby: \u001b[0m\n              \u001b[0mChinua Achebe\u001b[0m\n              \u001b[36m<br />\u001b[39m\n              \u001b[0mpublished: \u001b[0m\n              \u001b[0m1958\u001b[0m\n              \u001b[0m, \u001b[0m\n              \u001b[0mNigeria\u001b[0m\n              \u001b[36m<br />\u001b[39m\n              \u001b[0mlanguage: \u001b[0m\n              \u001b[0mEnglish\u001b[0m\n              \u001b[36m<br />\u001b[39m\n              \u001b[0mpages: \u001b[0m\n              \u001b[0m209\u001b[0m\n              \u001b[36m<br />\u001b[39m\n              \u001b[0mprice:\u001b[0m\n              \u001b[0m \u001b[0m\n              \u001b[0m$5.00\u001b[0m\n              \u001b[36m<br />\u001b[39m\n              \u001b[36m<a\u001b[39m\n                \u001b[33mhref\u001b[39m=\u001b[32m\"https://en.wikipedia.org/wiki/Things_Fall_Apart\"\u001b[39m\n              \u001b[36m>\u001b[39m\n                \u001b[0mlink\u001b[0m\n              \u001b[36m</a>\u001b[39m\n            \u001b[36m</p>\u001b[39m\n            \u001b[36m<p>\u001b[39m\n              \u001b[0mavg rating: undefined\u001b[0m\n            \u001b[36m</p>\u001b[39m\n            \u001b[36m<button>\u001b[39m\n              \u001b[0mAdd to Cart\u001b[0m\n            \u001b[36m</button>\u001b[39m\n          \u001b[36m</div>\u001b[39m\n        \u001b[36m</div>\u001b[39m\n      \u001b[36m</li>\u001b[39m\n      \u001b[36m<li\u001b[39m\n        \u001b[33mclass\u001b[39m=\u001b[32m\"_productListItem_6f0a2f\"\u001b[39m\n      \u001b[36m>\u001b[39m\n        \u001b[36m<div\u001b[39m\n          \u001b[33mclass\u001b[39m=\u001b[32m\"_product_eee97d\"\u001b[39m\n        \u001b[36m>\u001b[39m\n          \u001b[36m<div>\u001b[39m\n            \u001b[36m<img\u001b[39m\n              \u001b[33malt\u001b[39m=\u001b[32m\"Things Still Fall Apart\"\u001b[39m\n              \u001b[33mclass\u001b[39m=\u001b[32m\"_thumbnail_eee97d\"\u001b[39m\n              \u001b[33mdata-testid\u001b[39m=\u001b[32m\"thumb\"\u001b[39m\n              \u001b[33msrc\u001b[39m=\u001b[32m\"images/things-fall-apart.jpg\"\u001b[39m\n            \u001b[36m/>\u001b[39m\n          \u001b[36m</div>\u001b[39m\n          \u001b[36m<div>\u001b[39m\n            \u001b[36m<h2>\u001b[39m\n              \u001b[0mThings Still Fall Apart\u001b[0m\n            \u001b[36m</h2>\u001b[39m\n            \u001b[36m<p>\u001b[39m\n              \u001b[0mYour rating:\u001b[0m\n              \u001b[0m \u001b[0m\n              \u001b[36m<select\u001b[39m\n                \u001b[33mdata-testid\u001b[39m=\u001b[32m\"selectRating\"\u001b[39m\n              \u001b[36m>\u001b[39m\n                \u001b[36m<option>\u001b[39m\n                  \u001b[0m0\u001b[0m\n                \u001b[36m</option>\u001b[39m\n                \u001b[36m<option>\u001b[39m\n                  \u001b[0m1\u001b[0m\n                \u001b[36m</option>\u001b[39m\n                \u001b[36m<option>\u001b[39m\n                  \u001b[0m2\u001b[0m\n                \u001b[36m</option>\u001b[39m\n                \u001b[36m<option>\u001b[39m\n                  \u001b[0m3\u001b[0m\n                \u001b[36m</option>\u001b[39m\n                \u001b[36m<option>\u001b[39m\n                  \u001b[0m4\u001b[0m\n                \u001b[36m</option>\u001b[39m\n                \u001b[36m<option>\u001b[39m\n                  \u001b[0m5\u001b[0m\n                \u001b[36m</option>\u001b[39m\n              \u001b[36m</select>\u001b[39m\n            \u001b[36m</p>\u001b[39m\n            \u001b[36m<p>\u001b[39m\n              \u001b[0mby: \u001b[0m\n              \u001b[0mChinua Achebe\u001b[0m\n              \u001b[36m<br />\u001b[39m\n              \u001b[0mpublished: \u001b[0m\n              \u001b[0m1958\u001b[0m\n              \u001b[0m, \u001b[0m\n              \u001b[0mNigeria\u001b[0m\n              \u001b[36m<br />\u001b[39m\n              \u001b[0mlanguage: \u001b[0m\n              \u001b[0mEnglish\u001b[0m\n              \u001b[36m<br />\u001b[39m\n              \u001b[0mpages: \u001b[0m\n              \u001b[0m209\u001b[0m\n              \u001b[36m<br />\u001b[39m\n              \u001b[0mprice:\u001b[0m\n              \u001b[0m \u001b[0m\n              \u001b[0m$5.00\u001b[0m\n              \u001b[36m<br />\u001b[39m\n              \u001b[36m<a\u001b[39m\n                \u001b[33mhref\u001b[39m=\u001b[32m\"https://en.wikipedia.org/wiki/Things_Fall_Apart\"\u001b[39m\n              \u001b[36m>\u001b[39m\n                \u001b[0mlink\u001b[0m\n              \u001b[36m</a>\u001b[39m\n            \u001b[36m</p>\u001b[39m\n            \u001b[36m<p>\u001b[39m\n              \u001b[0mavg rating: undefined\u001b[0m\n            \u001b[36m</p>\u001b[39m\n            \u001b[36m<button>\u001b[39m\n              \u001b[0mRemove from Cart\u001b[0m\n            \u001b[36m</button>\u001b[39m\n          \u001b[36m</div>\u001b[39m\n        \u001b[36m</div>\u001b[39m\n      \u001b[36m</li>\u001b[39m\n    \u001b[36m</ul>\u001b[39m\n  \u001b[36m</div>\u001b[39m\n  \u001b[36m<div>\u001b[39m\n    \u001b[36m<ul\u001b[39m\n      \u001b[33mclass\u001b[39m=\u001b[32m\"_productList_6f0a2f\"\u001b[39m\n      \u001b[33mdata-testid\u001b[39m=\u001b[32m\"product-list\"\u001b[39m\n    \u001b[36m/>\u001b[39m\n  \u001b[36m</div>\u001b[39m\n\u001b[36m</body>\u001b[39m"],"location":{"line":37,"column":19}},{"ancestorTitles":["","ProductList Component"],"fullName":" ProductList Component handles empty itemsInCart gracefully","status":"failed","title":"handles empty itemsInCart gracefully","duration":12,"failureMessages":["Found multiple elements with the text: /Add to Cart/\n\nHere are the matching elements:\n\nIgnored nodes: comments, script, style\n\u001b[36m<button>\u001b[39m\n  \u001b[0mAdd to Cart\u001b[0m\n\u001b[36m</button>\u001b[39m\n\nIgnored nodes: comments, script, style\n\u001b[36m<button>\u001b[39m\n  \u001b[0mAdd to Cart\u001b[0m\n\u001b[36m</button>\u001b[39m\n\n(If this is intentional, then use the `*AllBy*` variant of the query (like `queryAllByText`, `getAllByText`, or `findAllByText`)).\n\nIgnored nodes: comments, script, style\n\u001b[36m<body>\u001b[39m\n  \u001b[36m<div>\u001b[39m\n    \u001b[36m<ul\u001b[39m\n      \u001b[33mclass\u001b[39m=\u001b[32m\"_productList_6f0a2f\"\u001b[39m\n      \u001b[33mdata-testid\u001b[39m=\u001b[32m\"product-list\"\u001b[39m\n    \u001b[36m>\u001b[39m\n      \u001b[36m<li\u001b[39m\n        \u001b[33mclass\u001b[39m=\u001b[32m\"_productListItem_6f0a2f\"\u001b[39m\n      \u001b[36m>\u001b[39m\n        \u001b[36m<div\u001b[39m\n          \u001b[33mclass\u001b[39m=\u001b[32m\"_product_eee97d\"\u001b[39m\n        \u001b[36m>\u001b[39m\n          \u001b[36m<div>\u001b[39m\n            \u001b[36m<img\u001b[39m\n              \u001b[33malt\u001b[39m=\u001b[32m\"Things Fall Apart\"\u001b[39m\n              \u001b[33mclass\u001b[39m=\u001b[32m\"_thumbnail_eee97d\"\u001b[39m\n              \u001b[33mdata-testid\u001b[39m=\u001b[32m\"thumb\"\u001b[39m\n              \u001b[33msrc\u001b[39m=\u001b[32m\"images/things-fall-apart.jpg\"\u001b[39m\n            \u001b[36m/>\u001b[39m\n          \u001b[36m</div>\u001b[39m\n          \u001b[36m<div>\u001b[39m\n            \u001b[36m<h2>\u001b[39m\n              \u001b[0mThings Fall Apart\u001b[0m\n            \u001b[36m</h2>\u001b[39m\n            \u001b[36m<p>\u001b[39m\n              \u001b[0mYour rating:\u001b[0m\n              \u001b[0m \u001b[0m\n              \u001b[36m<select\u001b[39m\n                \u001b[33mdata-testid\u001b[39m=\u001b[32m\"selectRating\"\u001b[39m\n              \u001b[36m>\u001b[39m\n                \u001b[36m<option>\u001b[39m\n                  \u001b[0m0\u001b[0m\n                \u001b[36m</option>\u001b[39m\n                \u001b[36m<option>\u001b[39m\n                  \u001b[0m1\u001b[0m\n                \u001b[36m</option>\u001b[39m\n                \u001b[36m<option>\u001b[39m\n                  \u001b[0m2\u001b[0m\n                \u001b[36m</option>\u001b[39m\n                \u001b[36m<option>\u001b[39m\n                  \u001b[0m3\u001b[0m\n                \u001b[36m</option>\u001b[39m\n                \u001b[36m<option>\u001b[39m\n                  \u001b[0m4\u001b[0m\n                \u001b[36m</option>\u001b[39m\n                \u001b[36m<option>\u001b[39m\n                  \u001b[0m5\u001b[0m\n                \u001b[36m</option>\u001b[39m\n              \u001b[36m</select>\u001b[39m\n            \u001b[36m</p>\u001b[39m\n            \u001b[36m<p>\u001b[39m\n              \u001b[0mby: \u001b[0m\n              \u001b[0mChinua Achebe\u001b[0m\n              \u001b[36m<br />\u001b[39m\n              \u001b[0mpublished: \u001b[0m\n              \u001b[0m1958\u001b[0m\n              \u001b[0m, \u001b[0m\n              \u001b[0mNigeria\u001b[0m\n              \u001b[36m<br />\u001b[39m\n              \u001b[0mlanguage: \u001b[0m\n              \u001b[0mEnglish\u001b[0m\n              \u001b[36m<br />\u001b[39m\n              \u001b[0mpages: \u001b[0m\n              \u001b[0m209\u001b[0m\n              \u001b[36m<br />\u001b[39m\n              \u001b[0mprice:\u001b[0m\n              \u001b[0m \u001b[0m\n              \u001b[0m$5.00\u001b[0m\n              \u001b[36m<br />\u001b[39m\n              \u001b[36m<a\u001b[39m\n                \u001b[33mhref\u001b[39m=\u001b[32m\"https://en.wikipedia.org/wiki/Things_Fall_Apart\"\u001b[39m\n              \u001b[36m>\u001b[39m\n                \u001b[0mlink\u001b[0m\n              \u001b[36m</a>\u001b[39m\n            \u001b[36m</p>\u001b[39m\n            \u001b[36m<p>\u001b[39m\n              \u001b[0mavg rating: undefined\u001b[0m\n            \u001b[36m</p>\u001b[39m\n            \u001b[36m<button>\u001b[39m\n              \u001b[0mAdd to Cart\u001b[0m\n            \u001b[36m</button>\u001b[39m\n          \u001b[36m</div>\u001b[39m\n        \u001b[36m</div>\u001b[39m\n      \u001b[36m</li>\u001b[39m\n      \u001b[36m<li\u001b[39m\n        \u001b[33mclass\u001b[39m=\u001b[32m\"_productListItem_6f0a2f\"\u001b[39m\n      \u001b[36m>\u001b[39m\n        \u001b[36m<div\u001b[39m\n          \u001b[33mclass\u001b[39m=\u001b[32m\"_product_eee97d\"\u001b[39m\n        \u001b[36m>\u001b[39m\n          \u001b[36m<div>\u001b[39m\n            \u001b[36m<img\u001b[39m\n              \u001b[33malt\u001b[39m=\u001b[32m\"Things Still Fall Apart\"\u001b[39m\n              \u001b[33mclass\u001b[39m=\u001b[32m\"_thumbnail_eee97d\"\u001b[39m\n              \u001b[33mdata-testid\u001b[39m=\u001b[32m\"thumb\"\u001b[39m\n              \u001b[33msrc\u001b[39m=\u001b[32m\"images/things-fall-apart.jpg\"\u001b[39m\n            \u001b[36m/>\u001b[39m\n          \u001b[36m</div>\u001b[39m\n          \u001b[36m<div>\u001b[39m\n            \u001b[36m<h2>\u001b[39m\n              \u001b[0mThings Still Fall Apart\u001b[0m\n            \u001b[36m</h2>\u001b[39m\n            \u001b[36m<p>\u001b[39m\n              \u001b[0mYour rating:\u001b[0m\n              \u001b[0m \u001b[0m\n              \u001b[36m<select\u001b[39m\n                \u001b[33mdata-testid\u001b[39m=\u001b[32m\"selectRating\"\u001b[39m\n              \u001b[36m>\u001b[39m\n                \u001b[36m<option>\u001b[39m\n                  \u001b[0m0\u001b[0m\n                \u001b[36m</option>\u001b[39m\n                \u001b[36m<option>\u001b[39m\n                  \u001b[0m1\u001b[0m\n                \u001b[36m</option>\u001b[39m\n                \u001b[36m<option>\u001b[39m\n                  \u001b[0m2\u001b[0m\n                \u001b[36m</option>\u001b[39m\n                \u001b[36m<option>\u001b[39m\n                  \u001b[0m3\u001b[0m\n                \u001b[36m</option>\u001b[39m\n                \u001b[36m<option>\u001b[39m\n                  \u001b[0m4\u001b[0m\n                \u001b[36m</option>\u001b[39m\n                \u001b[36m<option>\u001b[39m\n                  \u001b[0m5\u001b[0m\n                \u001b[36m</option>\u001b[39m\n              \u001b[36m</select>\u001b[39m\n            \u001b[36m</p>\u001b[39m\n            \u001b[36m<p>\u001b[39m\n              \u001b[0mby: \u001b[0m\n              \u001b[0mChinua Achebe\u001b[0m\n              \u001b[36m<br />\u001b[39m\n              \u001b[0mpublished: \u001b[0m\n              \u001b[0m1958\u001b[0m\n              \u001b[0m, \u001b[0m\n              \u001b[0mNigeria\u001b[0m\n              \u001b[36m<br />\u001b[39m\n              \u001b[0mlanguage: \u001b[0m\n              \u001b[0mEnglish\u001b[0m\n              \u001b[36m<br />\u001b[39m\n              \u001b[0mpages: \u001b[0m\n              \u001b[0m209\u001b[0m\n              \u001b[36m<br />\u001b[39m\n              \u001b[0mprice:\u001b[0m\n              \u001b[0m \u001b[0m\n              \u001b[0m$5.00\u001b[0m\n              \u001b[36m<br />\u001b[39m\n              \u001b[36m<a\u001b[39m\n                \u001b[33mhref\u001b[39m=\u001b[32m\"https://en.wikipedia.org/wiki/Things_Fall_Apart\"\u001b[39m\n              \u001b[36m>\u001b[39m\n                \u001b[0mlink\u001b[0m\n              \u001b[36m</a>\u001b[39m\n            \u001b[36m</p>\u001b[39m\n            \u001b[36m<p>\u001b[39m\n              \u001b[0mavg rating: undefined\u001b[0m\n            \u001b[36m</p>\u001b[39m\n            \u001b[36m<button>\u001b[39m\n              \u001b[0mRemove from Cart\u001b[0m\n            \u001b[36m</button>\u001b[39m\n          \u001b[36m</div>\u001b[39m\n        \u001b[36m</div>\u001b[39m\n      \u001b[36m</li>\u001b[39m\n    \u001b[36m</ul>\u001b[39m\n  \u001b[36m</div>\u001b[39m\n  \u001b[36m<div>\u001b[39m\n    \u001b[36m<ul\u001b[39m\n      \u001b[33mclass\u001b[39m=\u001b[32m\"_productList_6f0a2f\"\u001b[39m\n      \u001b[33mdata-testid\u001b[39m=\u001b[32m\"product-list\"\u001b[39m\n    \u001b[36m>\u001b[39m\n      \u001b[36m<li\u001b[39m\n        \u001b[33mclass\u001b[39m=\u001b[32m\"_productListItem_6f0a2f\"\u001b[39m\n      \u001b[36m>\u001b[39m\n        \u001b[36m<div\u001b[39m\n          \u001b[33mclass\u001b[39m=\u001b[32m\"_product_eee97d\"\u001b[39m\n        \u001b[36m>\u001b[39m\n          \u001b[36m<div>\u001b[39m\n            \u001b[36m<img\u001b[39m\n              \u001b[33malt\u001b[39m=\u001b[32m\"Book Not In Cart\"\u001b[39m\n              \u001b[33mclass\u001b[39m=\u001b[32m\"_thumbnail_eee97d\"\u001b[39m\n              \u001b[33mdata-testid\u001b[39m=\u001b[32m\"thumb\"\u001b[39m\n              \u001b[33msrc\u001b[39m=\u001b[32m\"images/default.jpg\"\u001b[39m\n            \u001b[36m/>\u001b[39m\n          \u001b[36m</div>\u001b[39m\n          \u001b[36m<div>\u001b[39m\n            \u001b[36m<h2>\u001b[39m\n              \u001b[0mBook Not In Cart\u001b[0m\n            \u001b[36m</h2>\u001b[39m\n            \u001b[36m<p>\u001b[39m\n              \u001b[0mYour rating:\u001b[0m\n              \u001b[0m \u001b[0m\n              \u001b[36m<select\u001b[39m\n                \u001b[33mdata-testid\u001b[39m=\u001b[32m\"selectRating\"\u001b[39m\n              \u001b[36m>\u001b[39m\n                \u001b[36m<option>\u001b[39m\n                  \u001b[0m0\u001b[0m\n                \u001b[36m</option>\u001b[39m\n                \u001b[36m<option>\u001b[39m\n                  \u001b[0m1\u001b[0m\n                \u001b[36m</option>\u001b[39m\n                \u001b[36m<option>\u001b[39m\n                  \u001b[0m2\u001b[0m\n                \u001b[36m</option>\u001b[39m\n                \u001b[36m<option>\u001b[39m\n                  \u001b[0m3\u001b[0m\n                \u001b[36m</option>\u001b[39m\n                \u001b[36m<option>\u001b[39m\n                  \u001b[0m4\u001b[0m\n                \u001b[36m</option>\u001b[39m\n                \u001b[36m<option>\u001b[39m\n                  \u001b[0m5\u001b[0m\n                \u001b[36m</option>\u001b[39m\n              \u001b[36m</select>\u001b[39m\n            \u001b[36m</p>\u001b[39m\n            \u001b[36m<p>\u001b[39m\n              \u001b[0mby: \u001b[0m\n              \u001b[0mAuthor\u001b[0m\n              \u001b[36m<br />\u001b[39m\n              \u001b[0mpublished: \u001b[0m\n              \u001b[0m2022\u001b[0m\n              \u001b[0m, \u001b[0m\n              \u001b[0mUSA\u001b[0m\n              \u001b[36m<br />\u001b[39m\n              \u001b[0mlanguage: \u001b[0m\n              \u001b[0mEnglish\u001b[0m\n              \u001b[36m<br />\u001b[39m\n              \u001b[0mpages: \u001b[0m\n              \u001b[0m200\u001b[0m\n              \u001b[36m<br />\u001b[39m\n              \u001b[0mprice:\u001b[0m\n              \u001b[0m \u001b[0m\n              \u001b[0m$20.00\u001b[0m\n              \u001b[36m<br />\u001b[39m\n              \u001b[36m<a\u001b[39m\n                \u001b[33mhref\u001b[39m=\u001b[32m\"\"\u001b[39m\n              \u001b[36m>\u001b[39m\n                \u001b[0mlink\u001b[0m\n              \u001b[36m</a>\u001b[39m\n            \u001b[36m</p>\u001b[39m\n            \u001b[36m<p>\u001b[39m\n              \u001b[0mavg rating: undefined\u001b[0m\n            \u001b[36m</p>\u001b[39m\n            \u001b[36m<button>\u001b[39m\n              \u001b[0mAdd to Cart\u001b[0m\n            \u001b[36m</button>\u001b[39m\n          \u001b[36m</div>\u001b[39m\n        \u001b[36m</div>\u001b[39m\n      \u001b[36m</li>\u001b[39m\n    \u001b[36m</ul>\u001b[39m\n  \u001b[36m</div>\u001b[39m\n\u001b[36m</body>\u001b[39m"],"location":{"line":37,"column":19}}],"startTime":1758291496287,"endTime":1758291496418,"status":"failed","message":"","name":"/Users/chrisminnick/code/src/github.com/chrisminnick/professional-reactjs/solutions/lab14/src/components/ProductList.test.tsx"},{"assertionResults":[{"ancestorTitles":["","App Component"],"fullName":" App Component renders loading state when isLoading is true","status":"passed","title":"renders loading state when isLoading is true","duration":24,"failureMessages":[]},{"ancestorTitles":["","App Component"],"fullName":" App Component renders main app components when isLoading is false","status":"passed","title":"renders main app components when isLoading is false","duration":23,"failureMessages":[]},{"ancestorTitles":["","App Component"],"fullName":" App Component applies correct theme class to container","status":"passed","title":"applies correct theme class to container","duration":3,"failureMessages":[]},{"ancestorTitles":["","App Component"],"fullName":" App Component renders with light theme","status":"passed","title":"renders with light theme","duration":4,"failureMessages":[]},{"ancestorTitles":["","App Component"],"fullName":" App Component passes products to ProductList component","status":"passed","title":"passes products to ProductList component","duration":12,"failureMessages":[]},{"ancestorTitles":["","App Component"],"fullName":" App Component handles empty products array","status":"passed","title":"handles empty products array","duration":4,"failureMessages":[]},{"ancestorTitles":["","App Component"],"fullName":" App Component displays cart with items","status":"passed","title":"displays cart with items","duration":4,"failureMessages":[]}],"startTime":1758291496296,"endTime":1758291496370,"status":"passed","message":"","name":"/Users/chrisminnick/code/src/github.com/chrisminnick/professional-reactjs/solutions/lab14/src/pages/App.test.jsx"}]}
