<?xml version="1.0" encoding="UTF-8"?>
<coverage generated="1633975141193" clover="3.2.0">
  <project timestamp="1633975141193" name="All files">
    <metrics statements="5" coveredstatements="4" conditionals="0" coveredconditionals="0" methods="4" coveredmethods="1" elements="9" coveredelements="5" complexity="0" loc="5" ncloc="5" packages="1" files="1" classes="1"/>
    <file name="Main.js" path="/Users/chrisminnick/code/src/github.com/chrisminnick/professional-reactjs/solutions/lab13/src/components/Main.js">
      <metrics statements="5" coveredstatements="4" conditionals="0" coveredconditionals="0" methods="4" coveredmethods="1"/>
      <line num="8" count="0" type="stmt"/>
      <line num="10" count="4" type="stmt"/>
      <line num="12" count="4" type="stmt"/>
      <line num="27" count="2" type="stmt"/>
      <line num="34" count="2" type="stmt"/>
    </file>
  </project>
</coverage>
