{"/Users/chrisminnick/code/src/github.com/chrisminnick/professional-reactjs/solutions/lab13/src/components/Main.js": {"path":"/Users/chrisminnick/code/src/github.com/chrisminnick/professional-reactjs/solutions/lab13/src/components/Main.js","statementMap":{"0":{"start":{"line":8,"column":8},"end":{"line":8,"column":61}},"1":{"start":{"line":8,"column":40},"end":{"line":8,"column":59}},"2":{"start":{"line":10,"column":20},"end":{"line":10,"column":78}},"3":{"start":{"line":10,"column":48},"end":{"line":10,"column":77}},"4":{"start":{"line":12,"column":4},"end":{"line":24,"column":6}},"5":{"start":{"line":27,"column":0},"end":{"line":32,"column":2}},"6":{"start":{"line":34,"column":0},"end":{"line":37,"column":1}}},"fnMap":{"0":{"name":"Main","decl":{"start":{"line":5,"column":9},"end":{"line":5,"column":13}},"loc":{"start":{"line":5,"column":21},"end":{"line":25,"column":1}},"line":5},"1":{"name":"getProduct","decl":{"start":{"line":7,"column":13},"end":{"line":7,"column":23}},"loc":{"start":{"line":7,"column":40},"end":{"line":9,"column":5}},"line":7},"2":{"name":"(anonymous_2)","decl":{"start":{"line":8,"column":29},"end":{"line":8,"column":30}},"loc":{"start":{"line":8,"column":40},"end":{"line":8,"column":59}},"line":8},"3":{"name":"(anonymous_3)","decl":{"start":{"line":10,"column":42},"end":{"line":10,"column":43}},"loc":{"start":{"line":10,"column":48},"end":{"line":10,"column":77}},"line":10}},"branchMap":{},"s":{"0":0,"1":0,"2":4,"3":0,"4":4,"5":2,"6":2},"f":{"0":4,"1":0,"2":0,"3":0},"b":{},"_coverageSchema":"1a1c01bbd47fc00a2c39e90264f33305004495a9","hash":"3f3f3b99becbde921b87b1739ea3d6a38722d35d"}
}
